mode: set
github.com/AdiAkhileshSingh15/bookmyroom/internal/forms/errors.go:5.44,7.2 1 1
github.com/AdiAkhileshSingh15/bookmyroom/internal/forms/errors.go:9.42,11.18 2 1
github.com/AdiAkhileshSingh15/bookmyroom/internal/forms/errors.go:11.18,13.3 1 1
github.com/AdiAkhileshSingh15/bookmyroom/internal/forms/errors.go:14.2,14.14 1 1
github.com/AdiAkhileshSingh15/bookmyroom/internal/forms/forms.go:16.29,18.2 1 1
github.com/AdiAkhileshSingh15/bookmyroom/internal/forms/forms.go:20.33,25.2 1 1
github.com/AdiAkhileshSingh15/bookmyroom/internal/forms/forms.go:27.43,28.31 1 1
github.com/AdiAkhileshSingh15/bookmyroom/internal/forms/forms.go:28.31,30.33 2 1
github.com/AdiAkhileshSingh15/bookmyroom/internal/forms/forms.go:30.33,32.4 1 1
github.com/AdiAkhileshSingh15/bookmyroom/internal/forms/forms.go:36.39,39.2 2 1
github.com/AdiAkhileshSingh15/bookmyroom/internal/forms/forms.go:41.57,43.21 2 1
github.com/AdiAkhileshSingh15/bookmyroom/internal/forms/forms.go:43.21,46.3 2 1
github.com/AdiAkhileshSingh15/bookmyroom/internal/forms/forms.go:47.2,47.13 1 1
github.com/AdiAkhileshSingh15/bookmyroom/internal/forms/forms.go:50.43,51.40 1 1
github.com/AdiAkhileshSingh15/bookmyroom/internal/forms/forms.go:51.40,54.3 2 1
github.com/AdiAkhileshSingh15/bookmyroom/internal/forms/forms.go:55.2,55.13 1 1
github.com/AdiAkhileshSingh15/bookmyroom/cmd/web/main.go:22.13,24.16 2 0
github.com/AdiAkhileshSingh15/bookmyroom/cmd/web/main.go:24.16,26.3 1 0
github.com/AdiAkhileshSingh15/bookmyroom/cmd/web/main.go:28.2,35.26 3 0
github.com/AdiAkhileshSingh15/bookmyroom/cmd/web/main.go:38.18,52.16 10 1
github.com/AdiAkhileshSingh15/bookmyroom/cmd/web/main.go:52.16,55.3 2 0
github.com/AdiAkhileshSingh15/bookmyroom/cmd/web/main.go:57.2,65.12 6 1
github.com/AdiAkhileshSingh15/bookmyroom/cmd/web/middleware.go:9.45,19.2 3 1
github.com/AdiAkhileshSingh15/bookmyroom/cmd/web/middleware.go:21.50,23.2 1 1
github.com/AdiAkhileshSingh15/bookmyroom/cmd/web/routes.go:12.49,36.2 18 1
github.com/AdiAkhileshSingh15/bookmyroom/internal/render/render.go:20.40,22.2 1 1
github.com/AdiAkhileshSingh15/bookmyroom/internal/render/render.go:24.84,30.2 5 1
github.com/AdiAkhileshSingh15/bookmyroom/internal/render/render.go:32.105,35.18 2 1
github.com/AdiAkhileshSingh15/bookmyroom/internal/render/render.go:35.18,37.3 1 1
github.com/AdiAkhileshSingh15/bookmyroom/internal/render/render.go:37.8,39.3 1 1
github.com/AdiAkhileshSingh15/bookmyroom/internal/render/render.go:41.2,42.9 2 1
github.com/AdiAkhileshSingh15/bookmyroom/internal/render/render.go:42.9,45.3 1 1
github.com/AdiAkhileshSingh15/bookmyroom/internal/render/render.go:47.2,54.16 5 1
github.com/AdiAkhileshSingh15/bookmyroom/internal/render/render.go:54.16,57.3 2 0
github.com/AdiAkhileshSingh15/bookmyroom/internal/render/render.go:58.2,58.12 1 1
github.com/AdiAkhileshSingh15/bookmyroom/internal/render/render.go:61.67,66.16 3 1
github.com/AdiAkhileshSingh15/bookmyroom/internal/render/render.go:66.16,68.3 1 0
github.com/AdiAkhileshSingh15/bookmyroom/internal/render/render.go:70.2,70.29 1 1
github.com/AdiAkhileshSingh15/bookmyroom/internal/render/render.go:70.29,73.17 3 1
github.com/AdiAkhileshSingh15/bookmyroom/internal/render/render.go:73.17,75.4 1 0
github.com/AdiAkhileshSingh15/bookmyroom/internal/render/render.go:76.3,77.17 2 1
github.com/AdiAkhileshSingh15/bookmyroom/internal/render/render.go:77.17,79.4 1 0
github.com/AdiAkhileshSingh15/bookmyroom/internal/render/render.go:81.3,81.23 1 1
github.com/AdiAkhileshSingh15/bookmyroom/internal/render/render.go:81.23,83.18 2 1
github.com/AdiAkhileshSingh15/bookmyroom/internal/render/render.go:83.18,85.5 1 0
github.com/AdiAkhileshSingh15/bookmyroom/internal/render/render.go:87.3,87.21 1 1
github.com/AdiAkhileshSingh15/bookmyroom/internal/render/render.go:89.2,89.21 1 1
github.com/AdiAkhileshSingh15/bookmyroom/internal/handlers/handlers.go:21.47,25.2 1 1
github.com/AdiAkhileshSingh15/bookmyroom/internal/handlers/handlers.go:27.33,29.2 1 1
github.com/AdiAkhileshSingh15/bookmyroom/internal/handlers/handlers.go:31.67,36.2 3 1
github.com/AdiAkhileshSingh15/bookmyroom/internal/handlers/handlers.go:38.68,41.2 1 1
github.com/AdiAkhileshSingh15/bookmyroom/internal/handlers/handlers.go:43.74,52.2 4 1
github.com/AdiAkhileshSingh15/bookmyroom/internal/handlers/handlers.go:54.78,56.16 2 1
github.com/AdiAkhileshSingh15/bookmyroom/internal/handlers/handlers.go:56.16,59.3 2 0
github.com/AdiAkhileshSingh15/bookmyroom/internal/handlers/handlers.go:61.2,74.19 6 1
github.com/AdiAkhileshSingh15/bookmyroom/internal/handlers/handlers.go:74.19,83.3 4 0
github.com/AdiAkhileshSingh15/bookmyroom/internal/handlers/handlers.go:85.2,87.66 2 1
github.com/AdiAkhileshSingh15/bookmyroom/internal/handlers/handlers.go:91.81,93.9 2 1
github.com/AdiAkhileshSingh15/bookmyroom/internal/handlers/handlers.go:93.9,98.3 4 1
github.com/AdiAkhileshSingh15/bookmyroom/internal/handlers/handlers.go:100.2,105.4 4 0
github.com/AdiAkhileshSingh15/bookmyroom/internal/handlers/handlers.go:108.70,110.2 1 1
github.com/AdiAkhileshSingh15/bookmyroom/internal/handlers/handlers.go:112.71,114.2 1 1
github.com/AdiAkhileshSingh15/bookmyroom/internal/handlers/handlers.go:116.69,118.2 1 1
github.com/AdiAkhileshSingh15/bookmyroom/internal/handlers/handlers.go:120.75,122.2 1 1
github.com/AdiAkhileshSingh15/bookmyroom/internal/handlers/handlers.go:124.79,129.2 3 1
github.com/AdiAkhileshSingh15/bookmyroom/internal/handlers/handlers.go:136.79,143.16 3 1
github.com/AdiAkhileshSingh15/bookmyroom/internal/handlers/handlers.go:143.16,145.3 1 0
github.com/AdiAkhileshSingh15/bookmyroom/internal/handlers/handlers.go:147.2,149.14 3 1
